<?xml version="1.0" encoding="UTF-8"?>
<testng-results skipped="0" failed="0" ignored="0" total="1" passed="1">
  <reporter-output>
  </reporter-output>
  <suite name="Suite" duration-ms="58779" started-at="2018-05-26T10:16:48Z" finished-at="2018-05-26T10:17:46Z">
    <groups>
    </groups>
    <test name="Test" duration-ms="58779" started-at="2018-05-26T10:16:48Z" finished-at="2018-05-26T10:17:46Z">
      <class name="com.automation.ecommerce.Ecommerce.TC001_login">
        <test-method status="PASS" signature="startprocess(java.lang.String)[pri:0, instance:com.automation.ecommerce.Ecommerce.TC001_login@13c27452]" name="startprocess" is-config="true" duration-ms="42680" started-at="2018-05-26T10:16:48Z" finished-at="2018-05-26T10:17:30Z">
          <params>
            <param index="0">
              <value>
                <![CDATA[chrome]]>
              </value>
            </param>
          </params>
          <reporter-output>
          </reporter-output>
        </test-method> <!-- startprocess -->
        <test-method status="PASS" signature="login()[pri:0, instance:com.automation.ecommerce.Ecommerce.TC001_login@13c27452]" name="login" duration-ms="16022" started-at="2018-05-26T10:17:30Z" finished-at="2018-05-26T10:17:46Z">
          <reporter-output>
          </reporter-output>
        </test-method> <!-- login -->
        <test-method status="PASS" signature="endprocess()[pri:0, instance:com.automation.ecommerce.Ecommerce.TC001_login@13c27452]" name="endprocess" is-config="true" duration-ms="1" started-at="2018-05-26T10:17:46Z" finished-at="2018-05-26T10:17:46Z">
          <reporter-output>
          </reporter-output>
        </test-method> <!-- endprocess -->
      </class> <!-- com.automation.ecommerce.Ecommerce.TC001_login -->
    </test> <!-- Test -->
  </suite> <!-- Suite -->
</testng-results>
